<?xml version="1.0" encoding="UTF-8"?>
<testng-results skipped="0" failed="1" ignored="2" total="4" passed="1">
  <reporter-output>
  </reporter-output>
  <suite name="SampleSuite" duration-ms="88600" started-at="2021-02-04T12:43:00Z" finished-at="2021-02-04T12:44:28Z">
    <groups>
    </groups>
    <test name="SampleTest" duration-ms="88600" started-at="2021-02-04T12:43:00Z" finished-at="2021-02-04T12:44:28Z">
      <class name="com.practice.SeleniumTest.SampleSelTest">
        <test-method status="FAIL" signature="orange()[pri:0, instance:com.practice.SeleniumTest.SampleSelTest@548a9f61]" name="orange" duration-ms="0" started-at="2021-02-04T12:44:27Z" finished-at="2021-02-04T12:44:27Z">
          <exception class="java.lang.NullPointerException">
            <full-stacktrace>
              <![CDATA[java.lang.NullPointerException
at com.practice.SeleniumTest.SampleSelTest.orange(SampleSelTest.java:22)
at sun.reflect.NativeMethodAccessorImpl.invoke0(Native Method)
at sun.reflect.NativeMethodAccessorImpl.invoke(NativeMethodAccessorImpl.java:62)
at sun.reflect.DelegatingMethodAccessorImpl.invoke(DelegatingMethodAccessorImpl.java:43)
at java.lang.reflect.Method.invoke(Method.java:498)
at org.testng.internal.MethodInvocationHelper.invokeMethod(MethodInvocationHelper.java:124)
at org.testng.internal.Invoker.invokeMethod(Invoker.java:583)
at org.testng.internal.Invoker.invokeTestMethod(Invoker.java:719)
at org.testng.internal.Invoker.invokeTestMethods(Invoker.java:989)
at org.testng.internal.TestMethodWorker.invokeTestMethods(TestMethodWorker.java:125)
at org.testng.internal.TestMethodWorker.run(TestMethodWorker.java:109)
at org.testng.TestRunner.privateRun(TestRunner.java:648)
at org.testng.TestRunner.run(TestRunner.java:505)
at org.testng.SuiteRunner.runTest(SuiteRunner.java:455)
at org.testng.SuiteRunner.runSequentially(SuiteRunner.java:450)
at org.testng.SuiteRunner.privateRun(SuiteRunner.java:415)
at org.testng.SuiteRunner.run(SuiteRunner.java:364)
at org.testng.SuiteRunnerWorker.runSuite(SuiteRunnerWorker.java:52)
at org.testng.SuiteRunnerWorker.run(SuiteRunnerWorker.java:84)
at org.testng.TestNG.runSuitesSequentially(TestNG.java:1208)
at org.testng.TestNG.runSuitesLocally(TestNG.java:1137)
at org.testng.TestNG.runSuites(TestNG.java:1049)
at org.testng.TestNG.run(TestNG.java:1017)
at org.apache.maven.surefire.testng.TestNGExecutor.run(TestNGExecutor.java:281)
at org.apache.maven.surefire.testng.TestNGXmlTestSuite.execute(TestNGXmlTestSuite.java:75)
at org.apache.maven.surefire.testng.TestNGProvider.invoke(TestNGProvider.java:121)
at org.apache.maven.surefire.booter.ForkedBooter.invokeProviderInSameClassLoader(ForkedBooter.java:290)
at org.apache.maven.surefire.booter.ForkedBooter.runSuitesInProcess(ForkedBooter.java:242)
at org.apache.maven.surefire.booter.ForkedBooter.main(ForkedBooter.java:121)
]]>
            </full-stacktrace>
          </exception> <!-- java.lang.NullPointerException -->
          <reporter-output>
          </reporter-output>
        </test-method> <!-- orange -->
      </class> <!-- com.practice.SeleniumTest.SampleSelTest -->
      <class name="com.practice.SeleniumTest.AssignLeave">
        <test-method status="PASS" signature="testmethod()[pri:0, instance:com.practice.SeleniumTest.AssignLeave@4f933fd1]" name="testmethod" is-config="true" duration-ms="56597" started-at="2021-02-04T12:43:00Z" finished-at="2021-02-04T12:43:56Z">
          <reporter-output>
          </reporter-output>
        </test-method> <!-- testmethod -->
        <test-method status="PASS" signature="Assignleave()[pri:0, instance:com.practice.SeleniumTest.AssignLeave@4f933fd1]" name="Assignleave" duration-ms="30316" started-at="2021-02-04T12:43:56Z" finished-at="2021-02-04T12:44:27Z">
          <reporter-output>
          </reporter-output>
        </test-method> <!-- Assignleave -->
        <test-method status="PASS" signature="close()[pri:0, instance:com.practice.SeleniumTest.AssignLeave@4f933fd1]" name="close" is-config="true" duration-ms="1380" started-at="2021-02-04T12:44:27Z" finished-at="2021-02-04T12:44:28Z">
          <reporter-output>
          </reporter-output>
        </test-method> <!-- close -->
      </class> <!-- com.practice.SeleniumTest.AssignLeave -->
    </test> <!-- SampleTest -->
  </suite> <!-- SampleSuite -->
</testng-results>
