<?xml version="1.0" encoding="UTF-8"?>
<!-- Generated by org.testng.reporters.JUnitXMLReporter -->
<testsuite hostname="DESKTOP-9008Q1N" ignored="2" name="SampleTest" tests="2" failures="1" timestamp="04 Feb 2021 12:44:28 GMT" time="88.6" errors="0">
  <testcase name="Assignleave" time="30.316" classname="com.practice.SeleniumTest.AssignLeave"/>
  <testcase name="orange" time="0.0" classname="com.practice.SeleniumTest.SampleSelTest">
    <failure type="java.lang.NullPointerException">
      <![CDATA[java.lang.NullPointerException
at com.practice.SeleniumTest.SampleSelTest.orange(SampleSelTest.java:22)
... Removed 28 stack frames]]>
    </failure>
  </testcase> <!-- orange -->
  <testcase name="@AfterTest close" time="0.0" classname="com.practice.SeleniumTest.testbase">
    <ignored/>
  </testcase> <!-- @AfterTest close -->
  <testcase name="@BeforeTest testmethod" time="0.0" classname="com.practice.SeleniumTest.testbase">
    <ignored/>
  </testcase> <!-- @BeforeTest testmethod -->
</testsuite> <!-- SampleTest -->
