<?xml version="1.0" encoding="UTF-8"?>
<testng-results skipped="0" failed="0" ignored="0" total="1" passed="1">
  <reporter-output>
  </reporter-output>
  <suite name="Default suite" duration-ms="96599" started-at="2021-02-04T14:24:05Z" finished-at="2021-02-04T14:25:42Z">
    <groups>
    </groups>
    <test name="Default test" duration-ms="96599" started-at="2021-02-04T14:24:05Z" finished-at="2021-02-04T14:25:42Z">
      <class name="com.practice.SeleniumTest.AssignLeave">
        <test-method status="PASS" signature="testmethod()[pri:0, instance:com.practice.SeleniumTest.AssignLeave@6f1fba17]" name="testmethod" is-config="true" duration-ms="65483" started-at="2021-02-04T14:24:05Z" finished-at="2021-02-04T14:25:11Z">
          <reporter-output>
          </reporter-output>
        </test-method> <!-- testmethod -->
        <test-method status="PASS" signature="Assignleave()[pri:0, instance:com.practice.SeleniumTest.AssignLeave@6f1fba17]" name="Assignleave" duration-ms="30235" started-at="2021-02-04T14:25:11Z" finished-at="2021-02-04T14:25:41Z">
          <reporter-output>
          </reporter-output>
        </test-method> <!-- Assignleave -->
        <test-method status="PASS" signature="close()[pri:0, instance:com.practice.SeleniumTest.AssignLeave@6f1fba17]" name="close" is-config="true" duration-ms="814" started-at="2021-02-04T14:25:41Z" finished-at="2021-02-04T14:25:42Z">
          <reporter-output>
          </reporter-output>
        </test-method> <!-- close -->
      </class> <!-- com.practice.SeleniumTest.AssignLeave -->
    </test> <!-- Default test -->
  </suite> <!-- Default suite -->
</testng-results>
